2024-04-17 15:20:41.382 [main] INFO  org.eclipse.jetty.util.log - Logging initialized @545ms to org.eclipse.jetty.util.log.Slf4jLog
2024-04-17 15:20:41.408 [main] INFO  i.d.server.DefaultServerFactory - Registering jersey handler with root path prefix: /
2024-04-17 15:20:41.408 [main] INFO  i.d.server.DefaultServerFactory - Registering admin handler with root path prefix: /
2024-04-17 15:20:41.475 [main] INFO  io.dropwizard.assets.AssetsBundle - Registering AssetBundle with name: assets for path /maps/*
2024-04-17 15:20:41.475 [main] INFO  io.dropwizard.assets.AssetsBundle - Registering AssetBundle with name: webjars for path /webjars/*
2024-04-17 15:20:41.478 [main] INFO  io.dropwizard.server.ServerFactory - Starting GraphHopperApplication
                        _     _
   __ _ _ __ __ _ _ __ | |__ | |__   ___  _ __  _ __   ___ _ __
  / _` | '__/ _` | '_ \| '_ \| '_ \ / _ \| '_ \| '_ \ / _ \ '__|
 | (_| | | | (_| | |_) | | | | | | | (_) | |_) | |_) |  __/ |
  \__, |_|  \__,_| .__/|_| |_|_| |_|\___/| .__/| .__/ \___|_|
  |___/          |_|                     |_|   |_|
2024-04-17 15:20:41.506 [main] INFO  o.e.jetty.setuid.SetUIDListener - Opened application@4016ccc1{HTTP/1.1, (http/1.1)}{localhost:8989}
2024-04-17 15:20:41.506 [main] INFO  o.e.jetty.setuid.SetUIDListener - Opened admin@46cb98a3{HTTP/1.1, (http/1.1)}{localhost:8990}
2024-04-17 15:20:41.506 [main] INFO  org.eclipse.jetty.server.Server - jetty-9.4.51.v20230217; built: 2023-02-17T08:19:37.309Z; git: b45c405e4544384de066f814ed42ae3dceacdd49; jvm 22+36-2370
2024-04-17 15:20:41.581 [main] INFO  c.g.routing.ch.CHPreparationHandler - There are no CHs to prepare
2024-04-17 15:20:41.582 [main] INFO  com.graphhopper.GraphHopper - version 8.0|2023-10-17T10:01:00Z (9,21,6,5,2,9)
2024-04-17 15:20:41.582 [main] INFO  com.graphhopper.GraphHopper - graph car|RAM_STORE|2D|no_turn_cost|nodes:9,edges:21,geometry:6,location_index:5,string_index:2,nodesCH:0,shortcuts:9, details:edges: 88,180(4MB), nodes: 72,270(1MB), bounds: 5.4300029,5.8799982,50.7200006,51.0299988, name:(1MB), geo:250,373(1MB)
2024-04-17 15:20:41.588 [main] INFO  c.g.http.GraphHopperManaged - loaded graph at:graph-cache, data_reader_file:src/java/graphhopper/Maastricht.osm.pbf, encoded values:["{\"className\":\"com.graphhopper.routing.ev.SimpleBooleanEncodedValue\",\"name\":\"car_access\",\"bits\":1,\"min_storable_value\":0,\"max_storable_value\":1,\"max_value\":1,\"negate_reverse_direction\":false,\"store_two_directions\":true,\"fwd_data_index\":0,\"bwd_data_index\":0,\"fwd_shift\":0,\"bwd_shift\":1,\"fwd_mask\":1,\"bwd_mask\":2}","{\"className\":\"com.graphhopper.routing.ev.DecimalEncodedValueImpl\",\"name\":\"car_average_speed\",\"bits\":7,\"min_storable_value\":0,\"max_storable_value\":127,\"max_value\":59,\"negate_reverse_direction\":false,\"store_two_directions\":true,\"fwd_data_index\":0,\"bwd_data_index\":0,\"fwd_shift\":2,\"bwd_shift\":9,\"fwd_mask\":508,\"bwd_mask\":65024,\"factor\":2.0,\"use_maximum_as_infinity\":false}","{\"className\":\"com.graphhopper.routing.ev.SimpleBooleanEncodedValue\",\"name\":\"car_subnetwork\",\"bits\":1,\"min_storable_value\":0,\"max_storable_value\":1,\"max_value\":-2147483648,\"negate_reverse_direction\":false,\"store_two_directions\":false,\"fwd_data_index\":0,\"bwd_data_index\":0,\"fwd_shift\":16,\"bwd_shift\":-1,\"fwd_mask\":65536,\"bwd_mask\":0}","{\"className\":\"com.graphhopper.routing.ev.SimpleBooleanEncodedValue\",\"name\":\"roundabout\",\"bits\":1,\"min_storable_value\":0,\"max_storable_value\":1,\"max_value\":1,\"negate_reverse_direction\":false,\"store_two_directions\":false,\"fwd_data_index\":0,\"bwd_data_index\":0,\"fwd_shift\":17,\"bwd_shift\":-1,\"fwd_mask\":131072,\"bwd_mask\":0}","{\"className\":\"com.graphhopper.routing.ev.EnumEncodedValue\",\"name\":\"road_class\",\"bits\":5,\"min_storable_value\":0,\"max_storable_value\":31,\"max_value\":19,\"negate_reverse_direction\":false,\"store_two_directions\":false,\"fwd_data_index\":0,\"bwd_data_index\":0,\"fwd_shift\":18,\"bwd_shift\":-1,\"fwd_mask\":8126464,\"bwd_mask\":0,\"enum_type\":\"com.graphhopper.routing.ev.RoadClass\"}","{\"className\":\"com.graphhopper.routing.ev.SimpleBooleanEncodedValue\",\"name\":\"road_class_link\",\"bits\":1,\"min_storable_value\":0,\"max_storable_value\":1,\"max_value\":1,\"negate_reverse_direction\":false,\"store_two_directions\":false,\"fwd_data_index\":0,\"bwd_data_index\":0,\"fwd_shift\":23,\"bwd_shift\":-1,\"fwd_mask\":8388608,\"bwd_mask\":0}","{\"className\":\"com.graphhopper.routing.ev.EnumEncodedValue\",\"name\":\"road_environment\",\"bits\":3,\"min_storable_value\":0,\"max_storable_value\":7,\"max_value\":5,\"negate_reverse_direction\":false,\"store_two_directions\":false,\"fwd_data_index\":0,\"bwd_data_index\":0,\"fwd_shift\":24,\"bwd_shift\":-1,\"fwd_mask\":117440512,\"bwd_mask\":0,\"enum_type\":\"com.graphhopper.routing.ev.RoadEnvironment\"}","{\"className\":\"com.graphhopper.routing.ev.DecimalEncodedValueImpl\",\"name\":\"max_speed\",\"bits\":7,\"min_storable_value\":0,\"max_storable_value\":127,\"max_value\":127,\"negate_reverse_direction\":false,\"store_two_directions\":true,\"fwd_data_index\":1,\"bwd_data_index\":1,\"fwd_shift\":0,\"bwd_shift\":7,\"fwd_mask\":127,\"bwd_mask\":16256,\"factor\":2.0,\"use_maximum_as_infinity\":true}","{\"className\":\"com.graphhopper.routing.ev.EnumEncodedValue\",\"name\":\"road_access\",\"bits\":4,\"min_storable_value\":0,\"max_storable_value\":15,\"max_value\":8,\"negate_reverse_direction\":false,\"store_two_directions\":false,\"fwd_data_index\":1,\"bwd_data_index\":0,\"fwd_shift\":14,\"bwd_shift\":-1,\"fwd_mask\":245760,\"bwd_mask\":0,\"enum_type\":\"com.graphhopper.routing.ev.RoadAccess\"}","{\"className\":\"com.graphhopper.routing.ev.DecimalEncodedValueImpl\",\"name\":\"ferry_speed\",\"bits\":5,\"min_storable_value\":0,\"max_storable_value\":31,\"max_value\":1,\"negate_reverse_direction\":false,\"store_two_directions\":false,\"fwd_data_index\":1,\"bwd_data_index\":0,\"fwd_shift\":18,\"bwd_shift\":-1,\"fwd_mask\":8126464,\"bwd_mask\":0,\"factor\":2.0,\"use_maximum_as_infinity\":false}"], 2 ints for edge flags, edges: 88,180(4MB), nodes: 72,270(1MB), bounds: 5.4300029,5.8799982,50.7200006,51.0299988, name:(1MB), geo:250,373(1MB)
2024-04-17 15:20:41.689 [main] WARN  o.g.jersey.internal.inject.Providers - A provider com.codahale.metrics.health.HealthCheckRegistry registered in SERVER runtime does not implement any provider interfaces applicable in the SERVER runtime. Due to constraint configuration problems the provider com.codahale.metrics.health.HealthCheckRegistry will be ignored. 
2024-04-17 15:20:41.737 [main] INFO  i.d.jersey.DropwizardResourceConfig - The following paths were found for the configured resources:

    GET     / (com.graphhopper.application.resources.RootResource)
    GET     /health (com.graphhopper.resources.HealthCheckResource)
    GET     /i18n (com.graphhopper.resources.I18NResource)
    GET     /i18n/{locale} (com.graphhopper.resources.I18NResource)
    GET     /info (com.graphhopper.resources.InfoResource)
    GET     /isochrone (com.graphhopper.resources.IsochroneResource)
    POST    /match (com.graphhopper.resources.MapMatchingResource)
    GET     /mvt/{z}/{x}/{y}.mvt (com.graphhopper.resources.MVTResource)
    GET     /navigate/directions/v5/gh/{profile}/{coordinatesArray : .+} (com.graphhopper.navigation.NavigateResource)
    GET     /nearest (com.graphhopper.resources.NearestResource)
    GET     /route (com.graphhopper.resources.RouteResource)
    POST    /route (com.graphhopper.resources.RouteResource)
    GET     /spt (com.graphhopper.resources.SPTResource)

2024-04-17 15:20:41.738 [main] INFO  o.e.j.server.handler.ContextHandler - Started i.d.j.MutableServletContextHandler@7015ebef{/,null,AVAILABLE}
2024-04-17 15:20:41.739 [main] INFO  io.dropwizard.setup.AdminEnvironment - tasks = 

    POST    /tasks/log-level (io.dropwizard.servlets.tasks.LogConfigurationTask)
    POST    /tasks/gc (io.dropwizard.servlets.tasks.GarbageCollectionTask)

2024-04-17 15:20:41.739 [main] INFO  o.e.j.server.handler.ContextHandler - Started i.d.j.MutableServletContextHandler@413d2cd1{/,null,AVAILABLE}
2024-04-17 15:20:41.741 [main] INFO  o.e.jetty.server.AbstractConnector - Started application@4016ccc1{HTTP/1.1, (http/1.1)}{localhost:8989}
2024-04-17 15:20:41.742 [main] INFO  o.e.jetty.server.AbstractConnector - Started admin@46cb98a3{HTTP/1.1, (http/1.1)}{localhost:8990}
2024-04-17 15:20:41.742 [main] INFO  org.eclipse.jetty.server.Server - Started @904ms
2024-04-17 15:22:49.883 [JettyShutdownThread] INFO  o.e.jetty.server.AbstractConnector - Stopped application@4016ccc1{HTTP/1.1, (http/1.1)}{localhost:8989}
2024-04-17 15:22:49.884 [JettyShutdownThread] INFO  o.e.jetty.server.AbstractConnector - Stopped admin@46cb98a3{HTTP/1.1, (http/1.1)}{localhost:8990}
2024-04-17 15:22:49.886 [JettyShutdownThread] INFO  o.e.j.server.handler.ContextHandler - Stopped i.d.j.MutableServletContextHandler@413d2cd1{/,null,STOPPED}
2024-04-17 15:22:49.894 [JettyShutdownThread] INFO  o.e.j.server.handler.ContextHandler - Stopped i.d.j.MutableServletContextHandler@7015ebef{/,null,STOPPED}
